<?xml version="1.0" encoding="UTF-8"?>
<!-- Generated by org.testng.reporters.JUnitReportReporter -->
<testsuite hostname="ADMIN-PC" failures="0" tests="1" name="cog.dropdown" time="0.230" errors="0" timestamp="2022-09-09T09:34:08 IST" skipped="0">
  <testcase classname="cog.dropdown" name="DropDown" time="0.230"/>
  <system-out/>
</testsuite> <!-- cog.dropdown -->
